{
  "stats": {
    "suites": 1,
    "tests": 1,
    "passes": 1,
    "pending": 0,
    "failures": 0,
    "start": "2024-04-10T19:29:47.872Z",
    "end": "2024-04-10T19:29:56.764Z",
    "duration": 8892,
    "testsRegistered": 1,
    "passPercent": 100,
    "pendingPercent": 0,
    "other": 0,
    "hasOther": false,
    "skipped": 0,
    "hasSkipped": false
  },
  "results": [
    {
      "uuid": "377f18c8-4186-4a72-96aa-a4f15179e220",
      "title": "",
      "fullFile": "C:\\Users\\gusta\\OneDrive\\Escritorio\\PruebaNODEJS\\historia5.js",
      "file": "\\historia5.js",
      "beforeHooks": [],
      "afterHooks": [],
      "tests": [],
      "suites": [
        {
          "uuid": "44c9d523-3564-4a28-958f-a09684ef5f67",
          "title": "wikipedia",
          "fullFile": "C:\\Users\\gusta\\OneDrive\\Escritorio\\PruebaNODEJS\\historia5.js",
          "file": "\\historia5.js",
          "beforeHooks": [],
          "afterHooks": [],
          "tests": [
            {
              "title": "Debería funcionar el menu correctamente",
              "fullTitle": "wikipedia Debería funcionar el menu correctamente",
              "timedOut": false,
              "duration": 8884,
              "state": "passed",
              "speed": "slow",
              "pass": true,
              "fail": false,
              "pending": false,
              "context": null,
              "code": "let driver = await new Builder().forBrowser('firefox').build();\ntry {\n  await driver.get('https://es.wikipedia.org/wiki/Wikipedia:Portada');\n  await driver.takeScreenshot().then(function(data) {\n    fs.writeFileSync('imagenes/Historia5/paso1.png', data, 'base64');\n  });\n  \n  await driver.wait(until.elementLocated(By.xpath('//*[@id=\"pt-login-2\"]/a/span')), 10000);\n  const button = await driver.findElement(By.xpath('//*[@id=\"pt-login-2\"]/a/span'));\n  await button.click();\n  await driver.get('https://es.wikipedia.org/w/index.php?title=Especial:Entrar&returnto=Wikipedia%3APortada');\n  await driver.takeScreenshot().then(function(data) {\n    fs.writeFileSync('imagenes/Historia5/paso2.png', data, 'base64');\n  });\n  await driver.wait(until.elementLocated(By.name('wpName')), 10000);\n  // Encontrar el input por su atributo name y enviar un valor\n  const inputElement = await driver.findElement(By.name('wpName'));\n  await inputElement.sendKeys('Gusv064');\n  await driver.takeScreenshot().then(function(data) {\n    fs.writeFileSync('imagenes/Historia5/paso3.png', data, 'base64');\n  });\n  await driver.wait(until.elementLocated(By.name('wpPassword')), 10000);\n  // Encontrar el input por su atributo name y enviar un valor\n  const inputElement2 = await driver.findElement(By.name('wpPassword'));\n  await inputElement2.sendKeys('redojoredojo');\n  await driver.takeScreenshot().then(function(data) {\n    fs.writeFileSync('imagenes/Historia5/paso4.png', data, 'base64');\n  });\n  await driver.wait(until.elementLocated(By.name('wploginattempt')), 10000);\n  const button2 = await driver.findElement(By.name('wploginattempt'));\n  await button2.click();\n  await driver.get('https://es.wikipedia.org/wiki/Wikipedia:Portada');\n  await driver.takeScreenshot().then(function(data) {\n    fs.writeFileSync('imagenes/Historia5/paso5.png', data, 'base64');\n  });\n  \n} catch (error) {\n  console.error('Error durante el inicio de sesión:', error);\n  // Si ocurre algún error, la prueba fallará\n  throw error;\n} finally {\n  await driver.quit();\n}",
              "err": {},
              "uuid": "94c4d1d3-a9d5-4611-9ee0-43dd3a75ea27",
              "parentUUID": "44c9d523-3564-4a28-958f-a09684ef5f67",
              "isHook": false,
              "skipped": false
            }
          ],
          "suites": [],
          "passes": [
            "94c4d1d3-a9d5-4611-9ee0-43dd3a75ea27"
          ],
          "failures": [],
          "pending": [],
          "skipped": [],
          "duration": 8884,
          "root": false,
          "rootEmpty": false,
          "_timeout": 30000
        }
      ],
      "passes": [],
      "failures": [],
      "pending": [],
      "skipped": [],
      "duration": 0,
      "root": true,
      "rootEmpty": true,
      "_timeout": 2000
    }
  ],
  "meta": {
    "mocha": {
      "version": "10.4.0"
    },
    "mochawesome": {
      "options": {
        "quiet": false,
        "reportFilename": "mochawesome",
        "saveHtml": true,
        "saveJson": true,
        "consoleReporter": "spec",
        "useInlineDiffs": false,
        "code": true
      },
      "version": "7.1.3"
    },
    "marge": {
      "options": null,
      "version": "6.2.0"
    }
  }
}